
> insight-frontend@0.0.0 dev
> vite


  VITE v5.4.19  ready in 123 ms

  ➜  Local:   http://localhost:3000/
  ➜  Network: use --host to expose
6:11:08 PM [vite] hmr update /src/components/ResultDisplay.jsx, /src/index.css
6:11:08 PM [vite] Internal server error: Failed to resolve import "./VideoMetadata" from "src/components/ResultDisplay.jsx". Does the file exist?
  Plugin: vite:import-analysis
  File: /Users/jeffaxelrod/content_miner/frontend/src/components/ResultDisplay.jsx:14:26
  29 |    Share
  30 |  } from "lucide-react";
  31 |  import VideoMetadata from "./VideoMetadata";
     |                             ^
  32 |  import NavigationTabs from "./NavigationTabs";
  33 |  import AnchorRail from "./AnchorRail";
      at TransformPluginContext._formatError (file:///Users/jeffaxelrod/content_miner/frontend/node_modules/vite/dist/node/chunks/dep-C6uTJdX2.js:49258:41)
      at TransformPluginContext.error (file:///Users/jeffaxelrod/content_miner/frontend/node_modules/vite/dist/node/chunks/dep-C6uTJdX2.js:49253:16)
      at normalizeUrl (file:///Users/jeffaxelrod/content_miner/frontend/node_modules/vite/dist/node/chunks/dep-C6uTJdX2.js:64291:23)
      at process.processTicksAndRejections (node:internal/process/task_queues:105:5)
      at async file:///Users/jeffaxelrod/content_miner/frontend/node_modules/vite/dist/node/chunks/dep-C6uTJdX2.js:64423:39
      at async Promise.all (index 6)
      at async TransformPluginContext.transform (file:///Users/jeffaxelrod/content_miner/frontend/node_modules/vite/dist/node/chunks/dep-C6uTJdX2.js:64350:7)
      at async PluginContainer.transform (file:///Users/jeffaxelrod/content_miner/frontend/node_modules/vite/dist/node/chunks/dep-C6uTJdX2.js:49099:18)
      at async loadAndTransform (file:///Users/jeffaxelrod/content_miner/frontend/node_modules/vite/dist/node/chunks/dep-C6uTJdX2.js:51977:27)
6:11:08 PM [vite] Internal server error: Failed to resolve import "./VideoMetadata" from "src/components/ResultDisplay.jsx". Does the file exist?
  Plugin: vite:import-analysis
  File: /Users/jeffaxelrod/content_miner/frontend/src/components/ResultDisplay.jsx:14:26
  29 |    Share
  30 |  } from "lucide-react";
  31 |  import VideoMetadata from "./VideoMetadata";
     |                             ^
  32 |  import NavigationTabs from "./NavigationTabs";
  33 |  import AnchorRail from "./AnchorRail";
      at TransformPluginContext._formatError (file:///Users/jeffaxelrod/content_miner/frontend/node_modules/vite/dist/node/chunks/dep-C6uTJdX2.js:49258:41)
      at TransformPluginContext.error (file:///Users/jeffaxelrod/content_miner/frontend/node_modules/vite/dist/node/chunks/dep-C6uTJdX2.js:49253:16)
      at normalizeUrl (file:///Users/jeffaxelrod/content_miner/frontend/node_modules/vite/dist/node/chunks/dep-C6uTJdX2.js:64291:23)
      at process.processTicksAndRejections (node:internal/process/task_queues:105:5)
      at async file:///Users/jeffaxelrod/content_miner/frontend/node_modules/vite/dist/node/chunks/dep-C6uTJdX2.js:64423:39
      at async Promise.all (index 6)
      at async TransformPluginContext.transform (file:///Users/jeffaxelrod/content_miner/frontend/node_modules/vite/dist/node/chunks/dep-C6uTJdX2.js:64350:7)
      at async PluginContainer.transform (file:///Users/jeffaxelrod/content_miner/frontend/node_modules/vite/dist/node/chunks/dep-C6uTJdX2.js:49099:18)
      at async loadAndTransform (file:///Users/jeffaxelrod/content_miner/frontend/node_modules/vite/dist/node/chunks/dep-C6uTJdX2.js:51977:27)
6:11:25 PM [vite] hmr update /src/index.css, /src/pages/ResultPage.jsx
6:11:25 PM [vite] Internal server error: Failed to resolve import "./NavigationTabs" from "src/components/ResultDisplay.jsx". Does the file exist?
  Plugin: vite:import-analysis
  File: /Users/jeffaxelrod/content_miner/frontend/src/components/ResultDisplay.jsx:15:27
  30 |  } from "lucide-react";
  31 |  import VideoMetadata from "./VideoMetadata";
  32 |  import NavigationTabs from "./NavigationTabs";
     |                              ^
  33 |  import AnchorRail from "./AnchorRail";
  34 |  import ContentCard from "./ContentCard";
      at TransformPluginContext._formatError (file:///Users/jeffaxelrod/content_miner/frontend/node_modules/vite/dist/node/chunks/dep-C6uTJdX2.js:49258:41)
      at TransformPluginContext.error (file:///Users/jeffaxelrod/content_miner/frontend/node_modules/vite/dist/node/chunks/dep-C6uTJdX2.js:49253:16)
      at normalizeUrl (file:///Users/jeffaxelrod/content_miner/frontend/node_modules/vite/dist/node/chunks/dep-C6uTJdX2.js:64291:23)
      at process.processTicksAndRejections (node:internal/process/task_queues:105:5)
      at async file:///Users/jeffaxelrod/content_miner/frontend/node_modules/vite/dist/node/chunks/dep-C6uTJdX2.js:64423:39
      at async Promise.all (index 7)
      at async TransformPluginContext.transform (file:///Users/jeffaxelrod/content_miner/frontend/node_modules/vite/dist/node/chunks/dep-C6uTJdX2.js:64350:7)
      at async PluginContainer.transform (file:///Users/jeffaxelrod/content_miner/frontend/node_modules/vite/dist/node/chunks/dep-C6uTJdX2.js:49099:18)
      at async loadAndTransform (file:///Users/jeffaxelrod/content_miner/frontend/node_modules/vite/dist/node/chunks/dep-C6uTJdX2.js:51977:27)
6:11:25 PM [vite] Pre-transform error: Failed to resolve import "./NavigationTabs" from "src/components/ResultDisplay.jsx". Does the file exist?
6:11:25 PM [vite] Internal server error: Failed to resolve import "./NavigationTabs" from "src/components/ResultDisplay.jsx". Does the file exist?
  Plugin: vite:import-analysis
  File: /Users/jeffaxelrod/content_miner/frontend/src/components/ResultDisplay.jsx:15:27
  30 |  } from "lucide-react";
  31 |  import VideoMetadata from "./VideoMetadata";
  32 |  import NavigationTabs from "./NavigationTabs";
     |                              ^
  33 |  import AnchorRail from "./AnchorRail";
  34 |  import ContentCard from "./ContentCard";
      at TransformPluginContext._formatError (file:///Users/jeffaxelrod/content_miner/frontend/node_modules/vite/dist/node/chunks/dep-C6uTJdX2.js:49258:41)
      at TransformPluginContext.error (file:///Users/jeffaxelrod/content_miner/frontend/node_modules/vite/dist/node/chunks/dep-C6uTJdX2.js:49253:16)
      at normalizeUrl (file:///Users/jeffaxelrod/content_miner/frontend/node_modules/vite/dist/node/chunks/dep-C6uTJdX2.js:64291:23)
      at process.processTicksAndRejections (node:internal/process/task_queues:105:5)
      at async file:///Users/jeffaxelrod/content_miner/frontend/node_modules/vite/dist/node/chunks/dep-C6uTJdX2.js:64423:39
      at async Promise.all (index 7)
      at async TransformPluginContext.transform (file:///Users/jeffaxelrod/content_miner/frontend/node_modules/vite/dist/node/chunks/dep-C6uTJdX2.js:64350:7)
      at async PluginContainer.transform (file:///Users/jeffaxelrod/content_miner/frontend/node_modules/vite/dist/node/chunks/dep-C6uTJdX2.js:49099:18)
      at async loadAndTransform (file:///Users/jeffaxelrod/content_miner/frontend/node_modules/vite/dist/node/chunks/dep-C6uTJdX2.js:51977:27)
      at async viteTransformMiddleware (file:///Users/jeffaxelrod/content_miner/frontend/node_modules/vite/dist/node/chunks/dep-C6uTJdX2.js:62105:24)
6:11:36 PM [vite] hmr update /src/index.css, /src/pages/ResultPage.jsx
6:11:36 PM [vite] Internal server error: Failed to resolve import "./AnchorRail" from "src/components/ResultDisplay.jsx". Does the file exist?
  Plugin: vite:import-analysis
  File: /Users/jeffaxelrod/content_miner/frontend/src/components/ResultDisplay.jsx:16:23
  31 |  import VideoMetadata from "./VideoMetadata";
  32 |  import NavigationTabs from "./NavigationTabs";
  33 |  import AnchorRail from "./AnchorRail";
     |                          ^
  34 |  import ContentCard from "./ContentCard";
  35 |  import UtilityBar from "./UtilityBar";
      at TransformPluginContext._formatError (file:///Users/jeffaxelrod/content_miner/frontend/node_modules/vite/dist/node/chunks/dep-C6uTJdX2.js:49258:41)
      at TransformPluginContext.error (file:///Users/jeffaxelrod/content_miner/frontend/node_modules/vite/dist/node/chunks/dep-C6uTJdX2.js:49253:16)
      at normalizeUrl (file:///Users/jeffaxelrod/content_miner/frontend/node_modules/vite/dist/node/chunks/dep-C6uTJdX2.js:64291:23)
      at process.processTicksAndRejections (node:internal/process/task_queues:105:5)
      at async file:///Users/jeffaxelrod/content_miner/frontend/node_modules/vite/dist/node/chunks/dep-C6uTJdX2.js:64423:39
      at async Promise.all (index 8)
      at async TransformPluginContext.transform (file:///Users/jeffaxelrod/content_miner/frontend/node_modules/vite/dist/node/chunks/dep-C6uTJdX2.js:64350:7)
      at async PluginContainer.transform (file:///Users/jeffaxelrod/content_miner/frontend/node_modules/vite/dist/node/chunks/dep-C6uTJdX2.js:49099:18)
      at async loadAndTransform (file:///Users/jeffaxelrod/content_miner/frontend/node_modules/vite/dist/node/chunks/dep-C6uTJdX2.js:51977:27)
6:11:36 PM [vite] Pre-transform error: Failed to resolve import "./AnchorRail" from "src/components/ResultDisplay.jsx". Does the file exist?
6:11:36 PM [vite] Internal server error: Failed to resolve import "./AnchorRail" from "src/components/ResultDisplay.jsx". Does the file exist?
  Plugin: vite:import-analysis
  File: /Users/jeffaxelrod/content_miner/frontend/src/components/ResultDisplay.jsx:16:23
  31 |  import VideoMetadata from "./VideoMetadata";
  32 |  import NavigationTabs from "./NavigationTabs";
  33 |  import AnchorRail from "./AnchorRail";
     |                          ^
  34 |  import ContentCard from "./ContentCard";
  35 |  import UtilityBar from "./UtilityBar";
      at TransformPluginContext._formatError (file:///Users/jeffaxelrod/content_miner/frontend/node_modules/vite/dist/node/chunks/dep-C6uTJdX2.js:49258:41)
      at TransformPluginContext.error (file:///Users/jeffaxelrod/content_miner/frontend/node_modules/vite/dist/node/chunks/dep-C6uTJdX2.js:49253:16)
      at normalizeUrl (file:///Users/jeffaxelrod/content_miner/frontend/node_modules/vite/dist/node/chunks/dep-C6uTJdX2.js:64291:23)
      at process.processTicksAndRejections (node:internal/process/task_queues:105:5)
      at async file:///Users/jeffaxelrod/content_miner/frontend/node_modules/vite/dist/node/chunks/dep-C6uTJdX2.js:64423:39
      at async Promise.all (index 8)
      at async TransformPluginContext.transform (file:///Users/jeffaxelrod/content_miner/frontend/node_modules/vite/dist/node/chunks/dep-C6uTJdX2.js:64350:7)
      at async PluginContainer.transform (file:///Users/jeffaxelrod/content_miner/frontend/node_modules/vite/dist/node/chunks/dep-C6uTJdX2.js:49099:18)
      at async loadAndTransform (file:///Users/jeffaxelrod/content_miner/frontend/node_modules/vite/dist/node/chunks/dep-C6uTJdX2.js:51977:27)
      at async viteTransformMiddleware (file:///Users/jeffaxelrod/content_miner/frontend/node_modules/vite/dist/node/chunks/dep-C6uTJdX2.js:62105:24)
6:11:48 PM [vite] hmr update /src/index.css, /src/pages/ResultPage.jsx
6:11:48 PM [vite] Internal server error: Failed to resolve import "./ContentCard" from "src/components/ResultDisplay.jsx". Does the file exist?
  Plugin: vite:import-analysis
  File: /Users/jeffaxelrod/content_miner/frontend/src/components/ResultDisplay.jsx:17:24
  32 |  import NavigationTabs from "./NavigationTabs";
  33 |  import AnchorRail from "./AnchorRail";
  34 |  import ContentCard from "./ContentCard";
     |                           ^
  35 |  import UtilityBar from "./UtilityBar";
  36 |  function ResultDisplay({ result, type, url }) {
      at TransformPluginContext._formatError (file:///Users/jeffaxelrod/content_miner/frontend/node_modules/vite/dist/node/chunks/dep-C6uTJdX2.js:49258:41)
      at TransformPluginContext.error (file:///Users/jeffaxelrod/content_miner/frontend/node_modules/vite/dist/node/chunks/dep-C6uTJdX2.js:49253:16)
      at normalizeUrl (file:///Users/jeffaxelrod/content_miner/frontend/node_modules/vite/dist/node/chunks/dep-C6uTJdX2.js:64291:23)
      at process.processTicksAndRejections (node:internal/process/task_queues:105:5)
      at async file:///Users/jeffaxelrod/content_miner/frontend/node_modules/vite/dist/node/chunks/dep-C6uTJdX2.js:64423:39
      at async Promise.all (index 9)
      at async TransformPluginContext.transform (file:///Users/jeffaxelrod/content_miner/frontend/node_modules/vite/dist/node/chunks/dep-C6uTJdX2.js:64350:7)
      at async PluginContainer.transform (file:///Users/jeffaxelrod/content_miner/frontend/node_modules/vite/dist/node/chunks/dep-C6uTJdX2.js:49099:18)
      at async loadAndTransform (file:///Users/jeffaxelrod/content_miner/frontend/node_modules/vite/dist/node/chunks/dep-C6uTJdX2.js:51977:27)
6:11:48 PM [vite] Pre-transform error: Failed to resolve import "./ContentCard" from "src/components/ResultDisplay.jsx". Does the file exist?
6:11:48 PM [vite] Internal server error: Failed to resolve import "./ContentCard" from "src/components/ResultDisplay.jsx". Does the file exist?
  Plugin: vite:import-analysis
  File: /Users/jeffaxelrod/content_miner/frontend/src/components/ResultDisplay.jsx:17:24
  32 |  import NavigationTabs from "./NavigationTabs";
  33 |  import AnchorRail from "./AnchorRail";
  34 |  import ContentCard from "./ContentCard";
     |                           ^
  35 |  import UtilityBar from "./UtilityBar";
  36 |  function ResultDisplay({ result, type, url }) {
      at TransformPluginContext._formatError (file:///Users/jeffaxelrod/content_miner/frontend/node_modules/vite/dist/node/chunks/dep-C6uTJdX2.js:49258:41)
      at TransformPluginContext.error (file:///Users/jeffaxelrod/content_miner/frontend/node_modules/vite/dist/node/chunks/dep-C6uTJdX2.js:49253:16)
      at normalizeUrl (file:///Users/jeffaxelrod/content_miner/frontend/node_modules/vite/dist/node/chunks/dep-C6uTJdX2.js:64291:23)
      at process.processTicksAndRejections (node:internal/process/task_queues:105:5)
      at async file:///Users/jeffaxelrod/content_miner/frontend/node_modules/vite/dist/node/chunks/dep-C6uTJdX2.js:64423:39
      at async Promise.all (index 9)
      at async TransformPluginContext.transform (file:///Users/jeffaxelrod/content_miner/frontend/node_modules/vite/dist/node/chunks/dep-C6uTJdX2.js:64350:7)
      at async PluginContainer.transform (file:///Users/jeffaxelrod/content_miner/frontend/node_modules/vite/dist/node/chunks/dep-C6uTJdX2.js:49099:18)
      at async loadAndTransform (file:///Users/jeffaxelrod/content_miner/frontend/node_modules/vite/dist/node/chunks/dep-C6uTJdX2.js:51977:27)
      at async viteTransformMiddleware (file:///Users/jeffaxelrod/content_miner/frontend/node_modules/vite/dist/node/chunks/dep-C6uTJdX2.js:62105:24)
6:12:06 PM [vite] hmr update /src/index.css, /src/pages/ResultPage.jsx
6:12:06 PM [vite] Internal server error: Failed to resolve import "./UtilityBar" from "src/components/ResultDisplay.jsx". Does the file exist?
  Plugin: vite:import-analysis
  File: /Users/jeffaxelrod/content_miner/frontend/src/components/ResultDisplay.jsx:18:23
  33 |  import AnchorRail from "./AnchorRail";
  34 |  import ContentCard from "./ContentCard";
  35 |  import UtilityBar from "./UtilityBar";
     |                          ^
  36 |  function ResultDisplay({ result, type, url }) {
  37 |    _s();
      at TransformPluginContext._formatError (file:///Users/jeffaxelrod/content_miner/frontend/node_modules/vite/dist/node/chunks/dep-C6uTJdX2.js:49258:41)
      at TransformPluginContext.error (file:///Users/jeffaxelrod/content_miner/frontend/node_modules/vite/dist/node/chunks/dep-C6uTJdX2.js:49253:16)
      at normalizeUrl (file:///Users/jeffaxelrod/content_miner/frontend/node_modules/vite/dist/node/chunks/dep-C6uTJdX2.js:64291:23)
      at process.processTicksAndRejections (node:internal/process/task_queues:105:5)
      at async file:///Users/jeffaxelrod/content_miner/frontend/node_modules/vite/dist/node/chunks/dep-C6uTJdX2.js:64423:39
      at async Promise.all (index 10)
      at async TransformPluginContext.transform (file:///Users/jeffaxelrod/content_miner/frontend/node_modules/vite/dist/node/chunks/dep-C6uTJdX2.js:64350:7)
      at async PluginContainer.transform (file:///Users/jeffaxelrod/content_miner/frontend/node_modules/vite/dist/node/chunks/dep-C6uTJdX2.js:49099:18)
      at async loadAndTransform (file:///Users/jeffaxelrod/content_miner/frontend/node_modules/vite/dist/node/chunks/dep-C6uTJdX2.js:51977:27)
6:12:06 PM [vite] Pre-transform error: Failed to resolve import "./UtilityBar" from "src/components/ResultDisplay.jsx". Does the file exist?
6:12:06 PM [vite] Internal server error: Failed to resolve import "./UtilityBar" from "src/components/ResultDisplay.jsx". Does the file exist?
  Plugin: vite:import-analysis
  File: /Users/jeffaxelrod/content_miner/frontend/src/components/ResultDisplay.jsx:18:23
  33 |  import AnchorRail from "./AnchorRail";
  34 |  import ContentCard from "./ContentCard";
  35 |  import UtilityBar from "./UtilityBar";
     |                          ^
  36 |  function ResultDisplay({ result, type, url }) {
  37 |    _s();
      at TransformPluginContext._formatError (file:///Users/jeffaxelrod/content_miner/frontend/node_modules/vite/dist/node/chunks/dep-C6uTJdX2.js:49258:41)
      at TransformPluginContext.error (file:///Users/jeffaxelrod/content_miner/frontend/node_modules/vite/dist/node/chunks/dep-C6uTJdX2.js:49253:16)
      at normalizeUrl (file:///Users/jeffaxelrod/content_miner/frontend/node_modules/vite/dist/node/chunks/dep-C6uTJdX2.js:64291:23)
      at process.processTicksAndRejections (node:internal/process/task_queues:105:5)
      at async file:///Users/jeffaxelrod/content_miner/frontend/node_modules/vite/dist/node/chunks/dep-C6uTJdX2.js:64423:39
      at async Promise.all (index 10)
      at async TransformPluginContext.transform (file:///Users/jeffaxelrod/content_miner/frontend/node_modules/vite/dist/node/chunks/dep-C6uTJdX2.js:64350:7)
      at async PluginContainer.transform (file:///Users/jeffaxelrod/content_miner/frontend/node_modules/vite/dist/node/chunks/dep-C6uTJdX2.js:49099:18)
      at async loadAndTransform (file:///Users/jeffaxelrod/content_miner/frontend/node_modules/vite/dist/node/chunks/dep-C6uTJdX2.js:51977:27)
      at async viteTransformMiddleware (file:///Users/jeffaxelrod/content_miner/frontend/node_modules/vite/dist/node/chunks/dep-C6uTJdX2.js:62105:24)
8:54:44 AM [vite] hmr update /src/index.css, /src/pages/ResultPage.jsx
8:55:23 AM [vite] hmr update /src/components/ResultDisplay.jsx, /src/index.css
8:58:09 AM [vite] hmr update /src/index.css
10:19:39 AM [vite] hmr update /src/index.css
10:19:51 AM [vite] hmr update /src/components/ContentCard.jsx, /src/index.css
